#
# There is insufficient memory for the Java Runtime Environment to continue.
# Native memory allocation (malloc) failed to allocate 730256 bytes for Chunk::new
# Possible reasons:
#   The system is out of physical RAM or swap space
#   In 32 bit mode, the process size limit was hit
# Possible solutions:
#   Reduce memory load on the system
#   Increase physical memory or swap space
#   Check if swap backing store is full
#   Use 64 bit Java on a 64 bit OS
#   Decrease Java heap size (-Xmx/-Xms)
#   Decrease number of Java threads
#   Decrease Java thread stack sizes (-Xss)
#   Set larger code cache with -XX:ReservedCodeCacheSize=
# This output file may be truncated or incomplete.
#
#  Out of Memory Error (allocation.cpp:390), pid=41016, tid=0x00000000000061cc
#
# JRE version: OpenJDK Runtime Environment (8.0_152-b01) (build 1.8.0_152-release-1248-b01)
# Java VM: OpenJDK 64-Bit Server VM (25.152-b01 mixed mode windows-amd64 compressed oops)
# Failed to write core dump. Minidumps are not enabled by default on client versions of Windows
#

---------------  T H R E A D  ---------------

Current thread (0x0000000015f71000):  JavaThread "C2 CompilerThread1" daemon [_thread_in_native, id=25036, stack(0x00000000176e0000,0x00000000177e0000)]

Stack: [0x00000000176e0000,0x00000000177e0000]
[error occurred during error reporting (printing stack bounds), id 0xc0000005]

Native frames: (J=compiled Java code, j=interpreted, Vv=VM code, C=native code)


Current CompileTask:
C2:  31118 6704       4       java.io.ObjectOutputStream::writeClassDesc (60 bytes)


---------------  P R O C E S S  ---------------

Java Threads: ( => current thread )
  0x000000001dff4800 JavaThread "Cache worker for Build Output Cleanup Cache (C:\Users\User\Desktop\CumNBuy1\HomeDroid2\.gradle\buildOutputCleanup)" [_thread_blocked, id=22928, stack(0x0000000022520000,0x0000000022620000)]
  0x000000001dff1000 JavaThread "Cache worker for task history cache (C:\Users\User\Desktop\CumNBuy1\HomeDroid2\.gradle\4.10.1\taskHistory)" [_thread_blocked, id=100776, stack(0x0000000022420000,0x0000000022520000)]
  0x000000001dff2800 JavaThread "Task worker for ':' Thread 3" [_thread_blocked, id=79048, stack(0x0000000022320000,0x0000000022420000)]
  0x000000001dff7800 JavaThread "Task worker for ':' Thread 2" [_thread_blocked, id=70484, stack(0x0000000022220000,0x0000000022320000)]
  0x000000001dff4000 JavaThread "Task worker for ':'" [_thread_blocked, id=102856, stack(0x0000000022120000,0x0000000022220000)]
  0x000000001dff6000 JavaThread "Cache worker for file content cache (C:\Users\User\Desktop\CumNBuy1\HomeDroid2\.gradle\4.10.1\fileContent)" [_thread_blocked, id=93368, stack(0x0000000021e20000,0x0000000021f20000)]
  0x000000001dfeb800 JavaThread "Cache worker for file content cache (C:\Users\User\.gradle\caches\4.10.1\fileContent)" [_thread_blocked, id=56896, stack(0x0000000021d20000,0x0000000021e20000)]
  0x000000001dfec800 JavaThread "Memory manager" [_thread_blocked, id=100292, stack(0x0000000021c20000,0x0000000021d20000)]
  0x000000001dfee800 JavaThread "pool-1-thread-1" [_thread_blocked, id=52876, stack(0x0000000020720000,0x0000000020820000)]
  0x000000001dfeb000 JavaThread "Build operations Thread 4" [_thread_blocked, id=32388, stack(0x0000000020420000,0x0000000020520000)]
  0x000000001dfea000 JavaThread "Build operations Thread 3" [_thread_blocked, id=21748, stack(0x0000000020320000,0x0000000020420000)]
  0x000000001dfee000 JavaThread "Build operations Thread 2" [_thread_blocked, id=101604, stack(0x0000000020220000,0x0000000020320000)]
  0x000000001dfed000 JavaThread "Build operations" [_thread_blocked, id=9616, stack(0x0000000020120000,0x0000000020220000)]
  0x0000000018c57000 JavaThread "Cache worker for Artifact transforms cache (C:\Users\User\.gradle\caches\transforms-1)" [_thread_blocked, id=24584, stack(0x000000001fc20000,0x000000001fd20000)]
  0x0000000018c50000 JavaThread "Cache worker for cache directory md-rule (C:\Users\User\.gradle\caches\4.10.1\md-rule)" [_thread_blocked, id=87852, stack(0x000000001fb20000,0x000000001fc20000)]
  0x0000000018c56000 JavaThread "Cache worker for cache directory md-supplier (C:\Users\User\.gradle\caches\4.10.1\md-supplier)" [_thread_blocked, id=88004, stack(0x000000001f8c0000,0x000000001f9c0000)]
  0x0000000018c53000 JavaThread "Cache worker for journal cache (C:\Users\User\.gradle\caches\journal-1)" [_thread_blocked, id=32136, stack(0x000000001dbd0000,0x000000001dcd0000)]
  0x0000000018c54800 JavaThread "Cache worker for file hash cache (C:\Users\User\Desktop\CumNBuy1\HomeDroid2\.gradle\4.10.1\fileHashes)" [_thread_blocked, id=40340, stack(0x000000001dad0000,0x000000001dbd0000)]
  0x000000001b45f000 JavaThread "File lock request listener" [_thread_in_native, id=85120, stack(0x000000001d9d0000,0x000000001dad0000)]
  0x000000001b046000 JavaThread "Cache worker for file hash cache (C:\Users\User\.gradle\caches\4.10.1\fileHashes)" [_thread_blocked, id=60808, stack(0x000000001d8d0000,0x000000001d9d0000)]
  0x0000000018298000 JavaThread "Stdin handler" [_thread_blocked, id=37412, stack(0x000000001a660000,0x000000001a760000)]
  0x0000000018292800 JavaThread "Asynchronous log dispatcher for DefaultDaemonConnection: socket connection from /127.0.0.1:55960 to /127.0.0.1:55961" [_thread_blocked, id=66232, stack(0x000000001a560000,0x000000001a660000)]
  0x000000001828d000 JavaThread "Daemon worker" [_thread_in_native, id=102552, stack(0x000000001a460000,0x000000001a560000)]
  0x0000000018338800 JavaThread "Cancel handler" [_thread_blocked, id=32260, stack(0x000000001a160000,0x000000001a260000)]
  0x000000001827d000 JavaThread "Handler for socket connection from /127.0.0.1:55960 to /127.0.0.1:55961" [_thread_in_native, id=68556, stack(0x000000001a060000,0x000000001a160000)]
  0x00000000182af800 JavaThread "Daemon" [_thread_blocked, id=90932, stack(0x0000000019f60000,0x000000001a060000)]
  0x0000000018264000 JavaThread "Daemon periodic checks" [_thread_blocked, id=69972, stack(0x0000000019e60000,0x0000000019f60000)]
  0x0000000018fa9000 JavaThread "Incoming local TCP Connector on port 55960" [_thread_in_native, id=28188, stack(0x0000000019c10000,0x0000000019d10000)]
  0x0000000017910800 JavaThread "Service Thread" daemon [_thread_blocked, id=39460, stack(0x0000000017ce0000,0x0000000017de0000)]
  0x0000000015f7b000 JavaThread "C1 CompilerThread2" daemon [_thread_blocked, id=6440, stack(0x00000000177e0000,0x00000000178e0000)]
=>0x0000000015f71000 JavaThread "C2 CompilerThread1" daemon [_thread_in_native, id=25036, stack(0x00000000176e0000,0x00000000177e0000)]
  0x0000000015f6d000 JavaThread "C2 CompilerThread0" daemon [_thread_blocked, id=42868, stack(0x00000000175e0000,0x00000000176e0000)]
  0x0000000015f6c000 JavaThread "Attach Listener" daemon [_thread_blocked, id=77156, stack(0x00000000174e0000,0x00000000175e0000)]
  0x0000000015f69000 JavaThread "Signal Dispatcher" daemon [_thread_blocked, id=22436, stack(0x00000000173e0000,0x00000000174e0000)]
  0x00000000025fc000 JavaThread "Finalizer" daemon [_thread_blocked, id=24684, stack(0x00000000171e0000,0x00000000172e0000)]
  0x00000000025f1000 JavaThread "Reference Handler" daemon [_thread_blocked, id=26176, stack(0x00000000170e0000,0x00000000171e0000)]
  0x00000000024ee800 JavaThread "main" [_thread_blocked, id=73344, stack(0x0000000002370000,0x0000000002470000)]

Other Threads:
  0x0000000015f36800 VMThread [stack: 0x0000000016fe0000,0x00000000170e0000] [id=53228]
  0x0000000017911000 WatcherThread [stack: 0x0000000017de0000,0x0000000017ee0000] [id=39192]

VM state:not at safepoint (normal execution)

VM Mutex/Monitor currently owned by a thread: None

Heap:
 PSYoungGen      total 206848K, used 60769K [0x00000000e0000000, 0x00000000f1480000, 0x0000000100000000)
  eden space 189952K, 31% used [0x00000000e0000000,0x00000000e3b58728,0x00000000eb980000)
  from space 16896K, 0% used [0x00000000eb980000,0x00000000eb980000,0x00000000eca00000)
  to   space 22528K, 0% used [0x00000000efe80000,0x00000000efe80000,0x00000000f1480000)
 ParOldGen       total 131584K, used 37654K [0x00000000a0000000, 0x00000000a8080000, 0x00000000e0000000)
  object space 131584K, 28% used [0x00000000a0000000,0x00000000a24c5ae0,0x00000000a8080000)
 Metaspace       used 60396K, capacity 61846K, committed 62104K, reserved 1103872K
  class space    used 8156K, capacity 8561K, committed 8624K, reserved 1048576K

Card table byte_map: [0x00000000119c0000,0x0000000011cd0000] byte_map_base: 0x00000000114c0000

Marking Bits: (ParMarkBitMap*) 0x0000000069b25aa0
 Begin Bits: [0x00000000122d0000, 0x0000000013ad0000)
 End Bits:   [0x0000000013ad0000, 0x00000000152d0000)

Polling page: 0x0000000002470000

CodeCache: size=245760Kb used=19896Kb max_used=19903Kb free=225863Kb
 bounds [0x0000000002600000, 0x0000000003990000, 0x0000000011600000]
 total_blobs=6888 nmethods=6105 adapters=696
 compilation: enabled

Compilation events (10 events):
Event: 31.099 Thread 0x0000000015f7b000 6725       3       org.gradle.api.internal.artifacts.transform.TransformingAsyncArtifactListener::artifactAvailable (76 bytes)
Event: 31.100 Thread 0x0000000015f7b000 nmethod 6725 0x00000000031ea310 code [0x00000000031ea4e0, 0x00000000031eab48]
Event: 31.100 Thread 0x0000000015f6d000 6726       4       java.util.concurrent.ConcurrentHashMap::put (8 bytes)
Event: 31.100 Thread 0x0000000015f6d000 nmethod 6726 0x0000000002810590 code [0x00000000028106e0, 0x0000000002810768]
Event: 31.102 Thread 0x0000000015f7b000 6727       3       org.gradle.api.internal.artifacts.transform.TransformCompletion::visit (30 bytes)
Event: 31.102 Thread 0x0000000015f7b000 nmethod 6727 0x0000000003980690 code [0x0000000003980800, 0x0000000003980b88]
Event: 31.102 Thread 0x0000000015f7b000 6729       3       org.gradle.api.internal.artifacts.transform.ArtifactTransformingVisitor::visitArtifact (205 bytes)
Event: 31.103 Thread 0x0000000015f7b000 nmethod 6729 0x0000000003980d10 code [0x0000000003981000, 0x0000000003982608]
Event: 31.103 Thread 0x0000000015f7b000 6728       3       org.gradle.api.internal.artifacts.transform.ArtifactTransformingVisitor::<init> (26 bytes)
Event: 31.103 Thread 0x0000000015f7b000 nmethod 6728 0x00000000031f0ed0 code [0x00000000031f1020, 0x00000000031f1230]

GC Heap History (10 events):
Event: 18.181 GC heap before
{Heap before GC invocations=8 (full 1):
 PSYoungGen      total 121856K, used 109922K [0x00000000e0000000, 0x00000000e9280000, 0x0000000100000000)
  eden space 114176K, 89% used [0x00000000e0000000,0x00000000e641a718,0x00000000e6f80000)
  from space 7680K, 96% used [0x00000000e8b00000,0x00000000e923e2c8,0x00000000e9280000)
  to   space 10752K, 0% used [0x00000000e7d80000,0x00000000e7d80000,0x00000000e8800000)
 ParOldGen       total 55808K, used 9582K [0x00000000a0000000, 0x00000000a3680000, 0x00000000e0000000)
  object space 55808K, 17% used [0x00000000a0000000,0x00000000a095ba40,0x00000000a3680000)
 Metaspace       used 34608K, capacity 35242K, committed 35496K, reserved 1079296K
  class space    used 4815K, capacity 5033K, committed 5040K, reserved 1048576K
Event: 18.205 GC heap after
Heap after GC invocations=8 (full 1):
 PSYoungGen      total 139264K, used 10739K [0x00000000e0000000, 0x00000000eda80000, 0x0000000100000000)
  eden space 128512K, 0% used [0x00000000e0000000,0x00000000e0000000,0x00000000e7d80000)
  from space 10752K, 99% used [0x00000000e7d80000,0x00000000e87fcc28,0x00000000e8800000)
  to   space 13312K, 0% used [0x00000000ecd80000,0x00000000ecd80000,0x00000000eda80000)
 ParOldGen       total 55808K, used 12123K [0x00000000a0000000, 0x00000000a3680000, 0x00000000e0000000)
  object space 55808K, 21% used [0x00000000a0000000,0x00000000a0bd6cd0,0x00000000a3680000)
 Metaspace       used 34608K, capacity 35242K, committed 35496K, reserved 1079296K
  class space    used 4815K, capacity 5033K, committed 5040K, reserved 1048576K
}
Event: 18.205 GC heap before
{Heap before GC invocations=9 (full 2):
 PSYoungGen      total 139264K, used 10739K [0x00000000e0000000, 0x00000000eda80000, 0x0000000100000000)
  eden space 128512K, 0% used [0x00000000e0000000,0x00000000e0000000,0x00000000e7d80000)
  from space 10752K, 99% used [0x00000000e7d80000,0x00000000e87fcc28,0x00000000e8800000)
  to   space 13312K, 0% used [0x00000000ecd80000,0x00000000ecd80000,0x00000000eda80000)
 ParOldGen       total 55808K, used 12123K [0x00000000a0000000, 0x00000000a3680000, 0x00000000e0000000)
  object space 55808K, 21% used [0x00000000a0000000,0x00000000a0bd6cd0,0x00000000a3680000)
 Metaspace       used 34608K, capacity 35242K, committed 35496K, reserved 1079296K
  class space    used 4815K, capacity 5033K, committed 5040K, reserved 1048576K
Event: 18.283 GC heap after
Heap after GC invocations=9 (full 2):
 PSYoungGen      total 139264K, used 0K [0x00000000e0000000, 0x00000000eda80000, 0x0000000100000000)
  eden space 128512K, 0% used [0x00000000e0000000,0x00000000e0000000,0x00000000e7d80000)
  from space 10752K, 0% used [0x00000000e7d80000,0x00000000e7d80000,0x00000000e8800000)
  to   space 13312K, 0% used [0x00000000ecd80000,0x00000000ecd80000,0x00000000eda80000)
 ParOldGen       total 87552K, used 19728K [0x00000000a0000000, 0x00000000a5580000, 0x00000000e0000000)
  object space 87552K, 22% used [0x00000000a0000000,0x00000000a1344220,0x00000000a5580000)
 Metaspace       used 34608K, capacity 35242K, committed 35496K, reserved 1079296K
  class space    used 4815K, capacity 5033K, committed 5040K, reserved 1048576K
}
Event: 21.570 GC heap before
{Heap before GC invocations=10 (full 2):
 PSYoungGen      total 139264K, used 128512K [0x00000000e0000000, 0x00000000eda80000, 0x0000000100000000)
  eden space 128512K, 100% used [0x00000000e0000000,0x00000000e7d80000,0x00000000e7d80000)
  from space 10752K, 0% used [0x00000000e7d80000,0x00000000e7d80000,0x00000000e8800000)
  to   space 13312K, 0% used [0x00000000ecd80000,0x00000000ecd80000,0x00000000eda80000)
 ParOldGen       total 87552K, used 19728K [0x00000000a0000000, 0x00000000a5580000, 0x00000000e0000000)
  object space 87552K, 22% used [0x00000000a0000000,0x00000000a1344220,0x00000000a5580000)
 Metaspace       used 45192K, capacity 45914K, committed 46120K, reserved 1089536K
  class space    used 6137K, capacity 6417K, committed 6448K, reserved 1048576K
Event: 21.594 GC heap after
Heap after GC invocations=10 (full 2):
 PSYoungGen      total 202240K, used 13298K [0x00000000e0000000, 0x00000000eda80000, 0x0000000100000000)
  eden space 188928K, 0% used [0x00000000e0000000,0x00000000e0000000,0x00000000eb880000)
  from space 13312K, 99% used [0x00000000ecd80000,0x00000000eda7c9e0,0x00000000eda80000)
  to   space 16896K, 0% used [0x00000000eb980000,0x00000000eb980000,0x00000000eca00000)
 ParOldGen       total 87552K, used 23894K [0x00000000a0000000, 0x00000000a5580000, 0x00000000e0000000)
  object space 87552K, 27% used [0x00000000a0000000,0x00000000a17558a0,0x00000000a5580000)
 Metaspace       used 45192K, capacity 45914K, committed 46120K, reserved 1089536K
  class space    used 6137K, capacity 6417K, committed 6448K, reserved 1048576K
}
Event: 28.387 GC heap before
{Heap before GC invocations=11 (full 2):
 PSYoungGen      total 202240K, used 163320K [0x00000000e0000000, 0x00000000eda80000, 0x0000000100000000)
  eden space 188928K, 79% used [0x00000000e0000000,0x00000000e9281640,0x00000000eb880000)
  from space 13312K, 99% used [0x00000000ecd80000,0x00000000eda7c9e0,0x00000000eda80000)
  to   space 16896K, 0% used [0x00000000eb980000,0x00000000eb980000,0x00000000eca00000)
 ParOldGen       total 87552K, used 23894K [0x00000000a0000000, 0x00000000a5580000, 0x00000000e0000000)
  object space 87552K, 27% used [0x00000000a0000000,0x00000000a17558a0,0x00000000a5580000)
 Metaspace       used 57729K, capacity 59130K, committed 59160K, reserved 1099776K
  class space    used 7822K, capacity 8237K, committed 8240K, reserved 1048576K
Event: 28.410 GC heap after
Heap after GC invocations=11 (full 2):
 PSYoungGen      total 206848K, used 16867K [0x00000000e0000000, 0x00000000f1480000, 0x0000000100000000)
  eden space 189952K, 0% used [0x00000000e0000000,0x00000000e0000000,0x00000000eb980000)
  from space 16896K, 99% used [0x00000000eb980000,0x00000000ec9f8cd0,0x00000000eca00000)
  to   space 22528K, 0% used [0x00000000efe80000,0x00000000efe80000,0x00000000f1480000)
 ParOldGen       total 87552K, used 31228K [0x00000000a0000000, 0x00000000a5580000, 0x00000000e0000000)
  object space 87552K, 35% used [0x00000000a0000000,0x00000000a1e7f078,0x00000000a5580000)
 Metaspace       used 57729K, capacity 59130K, committed 59160K, reserved 1099776K
  class space    used 7822K, capacity 8237K, committed 8240K, reserved 1048576K
}
Event: 28.410 GC heap before
{Heap before GC invocations=12 (full 3):
 PSYoungGen      total 206848K, used 16867K [0x00000000e0000000, 0x00000000f1480000, 0x0000000100000000)
  eden space 189952K, 0% used [0x00000000e0000000,0x00000000e0000000,0x00000000eb980000)
  from space 16896K, 99% used [0x00000000eb980000,0x00000000ec9f8cd0,0x00000000eca00000)
  to   space 22528K, 0% used [0x00000000efe80000,0x00000000efe80000,0x00000000f1480000)
 ParOldGen       total 87552K, used 31228K [0x00000000a0000000, 0x00000000a5580000, 0x00000000e0000000)
  object space 87552K, 35% used [0x00000000a0000000,0x00000000a1e7f078,0x00000000a5580000)
 Metaspace       used 57729K, capacity 59130K, committed 59160K, reserved 1099776K
  class space    used 7822K, capacity 8237K, committed 8240K, reserved 1048576K
Event: 28.562 GC heap after
Heap after GC invocations=12 (full 3):
 PSYoungGen      total 206848K, used 0K [0x00000000e0000000, 0x00000000f1480000, 0x0000000100000000)
  eden space 189952K, 0% used [0x00000000e0000000,0x00000000e0000000,0x00000000eb980000)
  from space 16896K, 0% used [0x00000000eb980000,0x00000000eb980000,0x00000000eca00000)
  to   space 22528K, 0% used [0x00000000efe80000,0x00000000efe80000,0x00000000f1480000)
 ParOldGen       total 131584K, used 37654K [0x00000000a0000000, 0x00000000a8080000, 0x00000000e0000000)
  object space 131584K, 28% used [0x00000000a0000000,0x00000000a24c5ae0,0x00000000a8080000)
 Metaspace       used 57729K, capacity 59130K, committed 59160K, reserved 1099776K
  class space    used 7822K, capacity 8237K, committed 8240K, reserved 1048576K
}

Deoptimization events (10 events):
Event: 28.653 Thread 0x000000001828d000 Uncommon trap: reason=array_check action=maybe_recompile pc=0x00000000037e582c method=java.util.AbstractCollection.toArray([Ljava/lang/Object;)[Ljava/lang/Object; @ 119
Event: 28.930 Thread 0x000000001828d000 Uncommon trap: reason=unstable_if action=reinterpret pc=0x0000000003643ce4 method=jdk.internal.org.objectweb.asm.Item.isEqualTo(Ljdk/internal/org/objectweb/asm/Item;)Z @ 331
Event: 29.033 Thread 0x000000001828d000 Uncommon trap: reason=null_check action=make_not_entrant pc=0x000000000383030c method=java.io.ObjectStreamClass.lookup(Ljava/lang/Class;Z)Ljava/io/ObjectStreamClass; @ 45
Event: 29.033 Thread 0x000000001828d000 Uncommon trap: reason=unstable_if action=reinterpret pc=0x000000000369684c method=java.io.ObjectStreamClass.getSerialVersionUID()J @ 4
Event: 29.034 Thread 0x000000001828d000 Uncommon trap: reason=unstable_if action=reinterpret pc=0x0000000003792110 method=java.io.ObjectStreamClass.getClassDataLayout()[Ljava/io/ObjectStreamClass$ClassDataSlot; @ 4
Event: 29.766 Thread 0x000000001dff1000 Uncommon trap: reason=unstable_if action=reinterpret pc=0x000000000343bfd4 method=java.util.regex.Pattern$Curly.match0(Ljava/util/regex/Matcher;IILjava/lang/CharSequence;)Z @ 5
Event: 29.965 Thread 0x000000001828d000 Uncommon trap: reason=bimorphic action=maybe_recompile pc=0x0000000002f4db24 method=java.util.concurrent.ConcurrentHashMap.putVal(Ljava/lang/Object;Ljava/lang/Object;Z)Ljava/lang/Object; @ 192
Event: 29.968 Thread 0x000000001828d000 Uncommon trap: reason=bimorphic action=maybe_recompile pc=0x0000000002f4db24 method=java.util.concurrent.ConcurrentHashMap.putVal(Ljava/lang/Object;Ljava/lang/Object;Z)Ljava/lang/Object; @ 192
Event: 30.441 Thread 0x000000001dfea000 Uncommon trap: reason=bimorphic action=maybe_recompile pc=0x0000000002f4db24 method=java.util.concurrent.ConcurrentHashMap.putVal(Ljava/lang/Object;Ljava/lang/Object;Z)Ljava/lang/Object; @ 192
Event: 30.476 Thread 0x000000001dfea000 Uncommon trap: reason=bimorphic action=maybe_recompile pc=0x0000000002f4db24 method=java.util.concurrent.ConcurrentHashMap.putVal(Ljava/lang/Object;Ljava/lang/Object;Z)Ljava/lang/Object; @ 192

Classes redefined (0 events):
No events

Internal exceptions (10 events):
Event: 28.156 Thread 0x000000001828d000 Exception <a 'java/lang/NoSuchMethodError': java.lang.Object.lambda$static$0(Ljava/util/Set;Ljava/util/Set;)Z> (0x00000000e7ed4bb0) thrown at [D:\src\AOSP-openjdk-cygwin\jdk8u\hotspot\src\share\vm\interpreter\linkResolver.cpp, line 584]
Event: 28.156 Thread 0x000000001828d000 Exception <a 'java/lang/NoSuchMethodError': java.lang.Object.lambda$static$1(Ljava/util/Set;Ljava/util/Set;)Z> (0x00000000e7ed7938) thrown at [D:\src\AOSP-openjdk-cygwin\jdk8u\hotspot\src\share\vm\interpreter\linkResolver.cpp, line 584]
Event: 28.156 Thread 0x000000001828d000 Exception <a 'java/lang/NoSuchMethodError': java.lang.Object.lambda$static$2(Ljava/util/Set;Ljava/util/Set;)Z> (0x00000000e7eda290) thrown at [D:\src\AOSP-openjdk-cygwin\jdk8u\hotspot\src\share\vm\interpreter\linkResolver.cpp, line 584]
Event: 28.156 Thread 0x000000001828d000 Exception <a 'java/lang/NoSuchMethodError': java.lang.Object.lambda$static$3(Ljava/util/Set;Ljava/util/Set;)Z> (0x00000000e7edcbe8) thrown at [D:\src\AOSP-openjdk-cygwin\jdk8u\hotspot\src\share\vm\interpreter\linkResolver.cpp, line 584]
Event: 29.033 Thread 0x000000001828d000 Implicit null exception at 0x00000000038301a5 to 0x00000000038302fa
Event: 29.033 Thread 0x000000001828d000 Exception <a 'java/lang/NoSuchMethodError': <clinit>> (0x00000000e14cb7c0) thrown at [D:\src\AOSP-openjdk-cygwin\jdk8u\hotspot\src\share\vm\prims\jni.cpp, line 1613]
Event: 29.034 Thread 0x000000001828d000 Exception <a 'java/lang/NoSuchMethodError': <clinit>> (0x00000000e14d9060) thrown at [D:\src\AOSP-openjdk-cygwin\jdk8u\hotspot\src\share\vm\prims\jni.cpp, line 1613]
Event: 29.620 Thread 0x000000001828d000 Exception <a 'java/lang/NoSuchMethodError': <clinit>> (0x00000000e15786d0) thrown at [D:\src\AOSP-openjdk-cygwin\jdk8u\hotspot\src\share\vm\prims\jni.cpp, line 1613]
Event: 29.623 Thread 0x000000001828d000 Exception <a 'java/lang/NoSuchMethodError': <clinit>> (0x00000000e1591428) thrown at [D:\src\AOSP-openjdk-cygwin\jdk8u\hotspot\src\share\vm\prims\jni.cpp, line 1613]
Event: 29.623 Thread 0x000000001828d000 Exception <a 'java/lang/NoSuchMethodError': <clinit>> (0x00000000e1593290) thrown at [D:\src\AOSP-openjdk-cygwin\jdk8u\hotspot\src\share\vm\prims\jni.cpp, line 1613]

Events (10 events):
Event: 31.056 Executing VM operation: RevokeBias
Event: 31.057 Executing VM operation: RevokeBias done
Event: 31.104 loading class org/gradle/internal/fingerprint/impl/AbsolutePathFingerprintingStrategy$1
Event: 31.104 loading class org/gradle/internal/fingerprint/impl/AbsolutePathFingerprintingStrategy$1 done
Event: 31.105 loading class com/google/common/collect/RegularImmutableSortedMap$EntrySet$1
Event: 31.105 loading class com/google/common/collect/RegularImmutableSortedMap$EntrySet$1 done
Event: 31.106 loading class org/gradle/api/internal/OverlappingOutputs
Event: 31.106 loading class org/gradle/api/internal/OverlappingOutputs done
Event: 31.108 loading class org/gradle/api/internal/changedetection/state/CurrentTaskExecution
Event: 31.108 loading class org/gradle/api/internal/changedetection/state/CurrentTaskExecution done


Dynamic libraries:
0x00007ff60d5a0000 - 0x00007ff60d5d1000 	C:\Program Files\Android\Android Studio\jre\bin\java.exe
0x00007ffd2d5c0000 - 0x00007ffd2d7a1000 	C:\WINDOWS\SYSTEM32\ntdll.dll
0x00007ffd2ab50000 - 0x00007ffd2ac02000 	C:\WINDOWS\System32\KERNEL32.DLL
0x00007ffd29990000 - 0x00007ffd29c03000 	C:\WINDOWS\System32\KERNELBASE.dll
0x00007ffd2d4e0000 - 0x00007ffd2d581000 	C:\WINDOWS\System32\ADVAPI32.dll
0x00007ffd2b330000 - 0x00007ffd2b3ce000 	C:\WINDOWS\System32\msvcrt.dll
0x00007ffd2aa50000 - 0x00007ffd2aaab000 	C:\WINDOWS\System32\sechost.dll
0x00007ffd2b430000 - 0x00007ffd2b554000 	C:\WINDOWS\System32\RPCRT4.dll
0x00007ffd2d350000 - 0x00007ffd2d4e0000 	C:\WINDOWS\System32\USER32.dll
0x00007ffd29e00000 - 0x00007ffd29e20000 	C:\WINDOWS\System32\win32u.dll
0x00007ffd2b560000 - 0x00007ffd2b588000 	C:\WINDOWS\System32\GDI32.dll
0x00007ffd29c60000 - 0x00007ffd29df2000 	C:\WINDOWS\System32\gdi32full.dll
0x00007ffd29e20000 - 0x00007ffd29ebf000 	C:\WINDOWS\System32\msvcp_win.dll
0x00007ffd29fd0000 - 0x00007ffd2a0ca000 	C:\WINDOWS\System32\ucrtbase.dll
0x00007ffd10120000 - 0x00007ffd10389000 	C:\WINDOWS\WinSxS\amd64_microsoft.windows.common-controls_6595b64144ccf1df_6.0.17134.590_none_fb3d9bff3069e088\COMCTL32.dll
0x00007ffd2b7c0000 - 0x00007ffd2bae2000 	C:\WINDOWS\System32\combase.dll
0x00007ffd2a7e0000 - 0x00007ffd2a85a000 	C:\WINDOWS\System32\bcryptPrimitives.dll
0x00007ffd2ae90000 - 0x00007ffd2aebd000 	C:\WINDOWS\System32\IMM32.DLL
0x0000000069280000 - 0x0000000069352000 	C:\Program Files\Android\Android Studio\jre\jre\bin\msvcr100.dll
0x0000000069360000 - 0x0000000069ba1000 	C:\Program Files\Android\Android Studio\jre\jre\bin\server\jvm.dll
0x00007ffd2b310000 - 0x00007ffd2b318000 	C:\WINDOWS\System32\PSAPI.DLL
0x00007ffd21be0000 - 0x00007ffd21bea000 	C:\WINDOWS\SYSTEM32\VERSION.dll
0x00007ffd09aa0000 - 0x00007ffd09aa9000 	C:\WINDOWS\SYSTEM32\WSOCK32.dll
0x00007ffd27570000 - 0x00007ffd27593000 	C:\WINDOWS\SYSTEM32\WINMM.dll
0x00007ffd2baf0000 - 0x00007ffd2bb5c000 	C:\WINDOWS\System32\WS2_32.dll
0x00007ffd27540000 - 0x00007ffd2756a000 	C:\WINDOWS\SYSTEM32\winmmbase.dll
0x00007ffd29c10000 - 0x00007ffd29c59000 	C:\WINDOWS\System32\cfgmgr32.dll
0x00007ffd24030000 - 0x00007ffd2403f000 	C:\Program Files\Android\Android Studio\jre\jre\bin\verify.dll
0x00007ffd0ee60000 - 0x00007ffd0ee89000 	C:\Program Files\Android\Android Studio\jre\jre\bin\java.dll
0x00007ffd0e810000 - 0x00007ffd0e826000 	C:\Program Files\Android\Android Studio\jre\jre\bin\zip.dll
0x00007ffd2bd40000 - 0x00007ffd2d180000 	C:\WINDOWS\System32\SHELL32.dll
0x00007ffd2b710000 - 0x00007ffd2b7b9000 	C:\WINDOWS\System32\shcore.dll
0x00007ffd2a0d0000 - 0x00007ffd2a7dd000 	C:\WINDOWS\System32\windows.storage.dll
0x00007ffd2b3d0000 - 0x00007ffd2b421000 	C:\WINDOWS\System32\shlwapi.dll
0x00007ffd29950000 - 0x00007ffd29961000 	C:\WINDOWS\System32\kernel.appcore.dll
0x00007ffd29930000 - 0x00007ffd2994f000 	C:\WINDOWS\System32\profapi.dll
0x00007ffd298e0000 - 0x00007ffd2992c000 	C:\WINDOWS\System32\powrprof.dll
0x00007ffd298d0000 - 0x00007ffd298da000 	C:\WINDOWS\System32\FLTLIB.DLL
0x00007ffd08570000 - 0x00007ffd0858a000 	C:\Program Files\Android\Android Studio\jre\jre\bin\net.dll
0x00007ffd29150000 - 0x00007ffd291b6000 	C:\WINDOWS\system32\mswsock.dll
0x00007ffd08550000 - 0x00007ffd08561000 	C:\Program Files\Android\Android Studio\jre\jre\bin\nio.dll
0x00007ffd19490000 - 0x00007ffd194ae000 	C:\Users\User\.gradle\native\25\windows-amd64\native-platform.dll
0x00007ffd23a30000 - 0x00007ffd23a3d000 	C:\Program Files\Android\Android Studio\jre\jre\bin\management.dll
0x00007ffd29300000 - 0x00007ffd29317000 	C:\WINDOWS\SYSTEM32\CRYPTSP.dll
0x00007ffd28d30000 - 0x00007ffd28d63000 	C:\WINDOWS\system32\rsaenh.dll
0x00007ffd29430000 - 0x00007ffd29455000 	C:\WINDOWS\SYSTEM32\bcrypt.dll
0x00007ffd297d0000 - 0x00007ffd297f8000 	C:\WINDOWS\SYSTEM32\USERENV.dll
0x00007ffd29320000 - 0x00007ffd2932b000 	C:\WINDOWS\SYSTEM32\CRYPTBASE.dll
0x00007ffd28ed0000 - 0x00007ffd28f08000 	C:\WINDOWS\SYSTEM32\IPHLPAPI.DLL
0x00007ffd2b320000 - 0x00007ffd2b328000 	C:\WINDOWS\System32\NSI.dll
0x00007ffd21ca0000 - 0x00007ffd21cb6000 	C:\WINDOWS\SYSTEM32\dhcpcsvc6.DLL
0x00007ffd21bc0000 - 0x00007ffd21bda000 	C:\WINDOWS\SYSTEM32\dhcpcsvc.DLL

VM Arguments:
jvm_args: -Xmx1536m -Dfile.encoding=windows-1251 -Duser.country=RU -Duser.language=ru -Duser.variant 
java_command: org.gradle.launcher.daemon.bootstrap.GradleDaemon 4.10.1
java_class_path (initial): C:\Users\User\.gradle\wrapper\dists\gradle-4.10.1-all\455itskqi2qtf0v2sja68alqd\gradle-4.10.1\lib\gradle-launcher-4.10.1.jar
Launcher Type: SUN_STANDARD

Environment Variables:
PATH=C:\Windows\system32;C:\Windows;C:\Windows\System32\Wbem;C:\Windows\System32\WindowsPowerShell\v1.0\;C:\Program Files\Git\cmd;C:\WINDOWS\system32;C:\WINDOWS;C:\WINDOWS\System32\Wbem;C:\WINDOWS\System32\WindowsPowerShell\v1.0\;C:\WINDOWS\System32\OpenSSH\;C:\Program Files (x86)\Microsoft SQL Server\140\Tools\Binn\;C:\Program Files\Microsoft SQL Server\Client SDK\ODBC\130\Tools\Binn\;C:\Program Files\Microsoft SQL Server\140\Tools\Binn\;C:\Program Files\Microsoft SQL Server\140\DTS\Binn\;C:\Program Files (x86)\Microsoft SQL Server\Client SDK\ODBC\130\Tools\Binn\;C:\Program Files (x86)\Microsoft SQL Server\140\DTS\Binn\;C:\Program Files (x86)\Microsoft SQL Server\140\Tools\Binn\ManagementStudio\;C:\Program Files\dotnet\;C:\Program Files\Microsoft SQL Server\130\Tools\Binn\;C:\Program Files\NVIDIA Corporation\NVIDIA NvDLISR;C:\Program Files (x86)\NVIDIA Corporation\PhysX\Common;C:\Users\User\AppData\Local\Microsoft\WindowsApps;C:\Users\User\AppData\Local\GitHubDesktop\bin;%USERPROFILE%\AppData\Local\Microsoft\WindowsApps;C:\Users\User\.dotnet\tools
USERNAME=User
OS=Windows_NT
PROCESSOR_IDENTIFIER=Intel64 Family 6 Model 158 Stepping 9, GenuineIntel



---------------  S Y S T E M  ---------------

OS: Windows 10.0 , 64 bit Build 17134 (10.0.17134.556)

CPU:total 4 (initial active 4) (4 cores per cpu, 1 threads per core) family 6 model 158 stepping 9, cmov, cx8, fxsr, mmx, sse, sse2, sse3, ssse3, sse4.1, sse4.2, popcnt, avx, avx2, aes, clmul, erms, 3dnowpref, lzcnt, tsc, tscinvbit, bmi1, bmi2, adx

Memory: 4k page, physical 8251860k(168328k free), swap 33417684k(5832k free)

vm_info: OpenJDK 64-Bit Server VM (25.152-b01) for windows-amd64 JRE (1.8.0_152-release-1248-b01), built by "builder" with MS VC++ 10.0 (VS2010)

time: Wed Mar 06 22:11:04 2019
elapsed time: 31 seconds (0d 0h 0m 31s)

